ERROR - 2022-09-12 21:38:17 --> mysqli_sql_exception: Cannot add or update a child row: a foreign key constraint fails (`db_inventory`.`peminjaman`, CONSTRAINT `peminjaman_ibfk_1` FOREIGN KEY (`id_peminjaman`) REFERENCES `peminjam` (`id_peminjam`)) in C:\xampp\htdocs\restful\system\Database\MySQLi\Connection.php:292
Stack trace:
#0 C:\xampp\htdocs\restful\system\Database\MySQLi\Connection.php(292): mysqli->query('INSERT INTO `pe...', 0)
#1 C:\xampp\htdocs\restful\system\Database\BaseConnection.php(693): CodeIgniter\Database\MySQLi\Connection->execute('INSERT INTO `pe...')
#2 C:\xampp\htdocs\restful\system\Database\BaseConnection.php(620): CodeIgniter\Database\BaseConnection->simpleQuery('INSERT INTO `pe...')
#3 C:\xampp\htdocs\restful\system\Database\BaseBuilder.php(1916): CodeIgniter\Database\BaseConnection->query('INSERT INTO `pe...', Array, false)
#4 C:\xampp\htdocs\restful\system\Model.php(279): CodeIgniter\Database\BaseBuilder->insert()
#5 C:\xampp\htdocs\restful\system\BaseModel.php(738): CodeIgniter\Model->doInsert(Array)
#6 C:\xampp\htdocs\restful\system\Model.php(667): CodeIgniter\BaseModel->insert(Array, true)
#7 C:\xampp\htdocs\restful\app\Controllers\Peminjaman.php(47): CodeIgniter\Model->insert(Array)
#8 C:\xampp\htdocs\restful\system\CodeIgniter.php(904): App\Controllers\Peminjaman->create()
#9 C:\xampp\htdocs\restful\system\CodeIgniter.php(457): CodeIgniter\CodeIgniter->runController(Object(App\Controllers\Peminjaman))
#10 C:\xampp\htdocs\restful\system\CodeIgniter.php(340): CodeIgniter\CodeIgniter->handleRequest(NULL, Object(Config\Cache), false)
#11 C:\xampp\htdocs\restful\public\index.php(67): CodeIgniter\CodeIgniter->run()
#12 {main}
CRITICAL - 2022-09-12 21:38:17 --> Cannot add or update a child row: a foreign key constraint fails (`db_inventory`.`peminjaman`, CONSTRAINT `peminjaman_ibfk_1` FOREIGN KEY (`id_peminjaman`) REFERENCES `peminjam` (`id_peminjam`))
in SYSTEMPATH\Database\MySQLi\Connection.php on line 292.
 1 SYSTEMPATH\Database\MySQLi\Connection.php(292): mysqli->query('INSERT INTO `peminjaman` (`nm_barang`, `jumlah_barang`, `tanggal_pinjam`, `status_peminjaman`) VALUES (\'keyboard\', \'10\', \'2022-09-19\', \'belum dikembalikan\')', 0)
 2 SYSTEMPATH\Database\BaseConnection.php(693): CodeIgniter\Database\MySQLi\Connection->execute('INSERT INTO `peminjaman` (`nm_barang`, `jumlah_barang`, `tanggal_pinjam`, `status_peminjaman`) VALUES (\'keyboard\', \'10\', \'2022-09-19\', \'belum dikembalikan\')')
 3 SYSTEMPATH\Database\BaseConnection.php(620): CodeIgniter\Database\BaseConnection->simpleQuery('INSERT INTO `peminjaman` (`nm_barang`, `jumlah_barang`, `tanggal_pinjam`, `status_peminjaman`) VALUES (\'keyboard\', \'10\', \'2022-09-19\', \'belum dikembalikan\')')
 4 SYSTEMPATH\Database\BaseBuilder.php(1916): CodeIgniter\Database\BaseConnection->query('INSERT INTO `peminjaman` (`nm_barang`, `jumlah_barang`, `tanggal_pinjam`, `status_peminjaman`) VALUES (:nm_barang:, :jumlah_barang:, :tanggal_pinjam:, :status_peminjaman:)', [...], false)
 5 SYSTEMPATH\Model.php(279): CodeIgniter\Database\BaseBuilder->insert()
 6 SYSTEMPATH\BaseModel.php(738): CodeIgniter\Model->doInsert([...])
 7 SYSTEMPATH\Model.php(667): CodeIgniter\BaseModel->insert([...], true)
 8 APPPATH\Controllers\Peminjaman.php(47): CodeIgniter\Model->insert([...])
 9 SYSTEMPATH\CodeIgniter.php(904): App\Controllers\Peminjaman->create()
10 SYSTEMPATH\CodeIgniter.php(457): CodeIgniter\CodeIgniter->runController(Object(App\Controllers\Peminjaman))
11 SYSTEMPATH\CodeIgniter.php(340): CodeIgniter\CodeIgniter->handleRequest(null, Object(Config\Cache), false)
12 FCPATH\index.php(67): CodeIgniter\CodeIgniter->run()
ERROR - 2022-09-12 21:38:34 --> mysqli_sql_exception: Cannot add or update a child row: a foreign key constraint fails (`db_inventory`.`peminjaman`, CONSTRAINT `peminjaman_ibfk_1` FOREIGN KEY (`id_peminjaman`) REFERENCES `peminjam` (`id_peminjam`)) in C:\xampp\htdocs\restful\system\Database\MySQLi\Connection.php:292
Stack trace:
#0 C:\xampp\htdocs\restful\system\Database\MySQLi\Connection.php(292): mysqli->query('INSERT INTO `pe...', 0)
#1 C:\xampp\htdocs\restful\system\Database\BaseConnection.php(693): CodeIgniter\Database\MySQLi\Connection->execute('INSERT INTO `pe...')
#2 C:\xampp\htdocs\restful\system\Database\BaseConnection.php(620): CodeIgniter\Database\BaseConnection->simpleQuery('INSERT INTO `pe...')
#3 C:\xampp\htdocs\restful\system\Database\BaseBuilder.php(1916): CodeIgniter\Database\BaseConnection->query('INSERT INTO `pe...', Array, false)
#4 C:\xampp\htdocs\restful\system\Model.php(279): CodeIgniter\Database\BaseBuilder->insert()
#5 C:\xampp\htdocs\restful\system\BaseModel.php(738): CodeIgniter\Model->doInsert(Array)
#6 C:\xampp\htdocs\restful\system\Model.php(667): CodeIgniter\BaseModel->insert(Array, true)
#7 C:\xampp\htdocs\restful\app\Controllers\Peminjaman.php(47): CodeIgniter\Model->insert(Array)
#8 C:\xampp\htdocs\restful\system\CodeIgniter.php(904): App\Controllers\Peminjaman->create()
#9 C:\xampp\htdocs\restful\system\CodeIgniter.php(457): CodeIgniter\CodeIgniter->runController(Object(App\Controllers\Peminjaman))
#10 C:\xampp\htdocs\restful\system\CodeIgniter.php(340): CodeIgniter\CodeIgniter->handleRequest(NULL, Object(Config\Cache), false)
#11 C:\xampp\htdocs\restful\public\index.php(67): CodeIgniter\CodeIgniter->run()
#12 {main}
CRITICAL - 2022-09-12 21:38:34 --> Cannot add or update a child row: a foreign key constraint fails (`db_inventory`.`peminjaman`, CONSTRAINT `peminjaman_ibfk_1` FOREIGN KEY (`id_peminjaman`) REFERENCES `peminjam` (`id_peminjam`))
in SYSTEMPATH\Database\MySQLi\Connection.php on line 292.
 1 SYSTEMPATH\Database\MySQLi\Connection.php(292): mysqli->query('INSERT INTO `peminjaman` (`nm_barang`, `jumlah_barang`, `tanggal_pinjam`, `status_peminjaman`) VALUES (\'keyboard\', \'10\', \'2022-09-19\', \'belum dikembalikan\')', 0)
 2 SYSTEMPATH\Database\BaseConnection.php(693): CodeIgniter\Database\MySQLi\Connection->execute('INSERT INTO `peminjaman` (`nm_barang`, `jumlah_barang`, `tanggal_pinjam`, `status_peminjaman`) VALUES (\'keyboard\', \'10\', \'2022-09-19\', \'belum dikembalikan\')')
 3 SYSTEMPATH\Database\BaseConnection.php(620): CodeIgniter\Database\BaseConnection->simpleQuery('INSERT INTO `peminjaman` (`nm_barang`, `jumlah_barang`, `tanggal_pinjam`, `status_peminjaman`) VALUES (\'keyboard\', \'10\', \'2022-09-19\', \'belum dikembalikan\')')
 4 SYSTEMPATH\Database\BaseBuilder.php(1916): CodeIgniter\Database\BaseConnection->query('INSERT INTO `peminjaman` (`nm_barang`, `jumlah_barang`, `tanggal_pinjam`, `status_peminjaman`) VALUES (:nm_barang:, :jumlah_barang:, :tanggal_pinjam:, :status_peminjaman:)', [...], false)
 5 SYSTEMPATH\Model.php(279): CodeIgniter\Database\BaseBuilder->insert()
 6 SYSTEMPATH\BaseModel.php(738): CodeIgniter\Model->doInsert([...])
 7 SYSTEMPATH\Model.php(667): CodeIgniter\BaseModel->insert([...], true)
 8 APPPATH\Controllers\Peminjaman.php(47): CodeIgniter\Model->insert([...])
 9 SYSTEMPATH\CodeIgniter.php(904): App\Controllers\Peminjaman->create()
10 SYSTEMPATH\CodeIgniter.php(457): CodeIgniter\CodeIgniter->runController(Object(App\Controllers\Peminjaman))
11 SYSTEMPATH\CodeIgniter.php(340): CodeIgniter\CodeIgniter->handleRequest(null, Object(Config\Cache), false)
12 FCPATH\index.php(67): CodeIgniter\CodeIgniter->run()
CRITICAL - 2022-09-12 21:43:05 --> Undefined array key "nm_barang"
in APPPATH\Controllers\Peminjaman.php on line 73.
 1 APPPATH\Controllers\Peminjaman.php(73): CodeIgniter\Debug\Exceptions->errorHandler(2, 'Undefined array key "nm_barang"', 'APPPATH\\Controllers\\Peminjaman.php', 73)
 2 SYSTEMPATH\CodeIgniter.php(904): App\Controllers\Peminjaman->update('1')
 3 SYSTEMPATH\CodeIgniter.php(457): CodeIgniter\CodeIgniter->runController(Object(App\Controllers\Peminjaman))
 4 SYSTEMPATH\CodeIgniter.php(340): CodeIgniter\CodeIgniter->handleRequest(null, Object(Config\Cache), false)
 5 FCPATH\index.php(67): CodeIgniter\CodeIgniter->run()
CRITICAL - 2022-09-12 21:44:45 --> Undefined array key "nm_barang"
in APPPATH\Controllers\Peminjaman.php on line 73.
 1 APPPATH\Controllers\Peminjaman.php(73): CodeIgniter\Debug\Exceptions->errorHandler(2, 'Undefined array key "nm_barang"', 'APPPATH\\Controllers\\Peminjaman.php', 73)
 2 SYSTEMPATH\CodeIgniter.php(904): App\Controllers\Peminjaman->update('1')
 3 SYSTEMPATH\CodeIgniter.php(457): CodeIgniter\CodeIgniter->runController(Object(App\Controllers\Peminjaman))
 4 SYSTEMPATH\CodeIgniter.php(340): CodeIgniter\CodeIgniter->handleRequest(null, Object(Config\Cache), false)
 5 FCPATH\index.php(67): CodeIgniter\CodeIgniter->run()
CRITICAL - 2022-09-12 21:44:48 --> Undefined array key "nm_barang"
in APPPATH\Controllers\Peminjaman.php on line 73.
 1 APPPATH\Controllers\Peminjaman.php(73): CodeIgniter\Debug\Exceptions->errorHandler(2, 'Undefined array key "nm_barang"', 'APPPATH\\Controllers\\Peminjaman.php', 73)
 2 SYSTEMPATH\CodeIgniter.php(904): App\Controllers\Peminjaman->update('1')
 3 SYSTEMPATH\CodeIgniter.php(457): CodeIgniter\CodeIgniter->runController(Object(App\Controllers\Peminjaman))
 4 SYSTEMPATH\CodeIgniter.php(340): CodeIgniter\CodeIgniter->handleRequest(null, Object(Config\Cache), false)
 5 FCPATH\index.php(67): CodeIgniter\CodeIgniter->run()
CRITICAL - 2022-09-12 21:46:22 --> Undefined array key "nm_barang"
in APPPATH\Controllers\barang.php on line 92.
 1 APPPATH\Controllers\barang.php(92): CodeIgniter\Debug\Exceptions->errorHandler(2, 'Undefined array key "nm_barang"', 'APPPATH\\Controllers\\barang.php', 92)
 2 SYSTEMPATH\CodeIgniter.php(904): App\Controllers\barang->update('4')
 3 SYSTEMPATH\CodeIgniter.php(457): CodeIgniter\CodeIgniter->runController(Object(App\Controllers\barang))
 4 SYSTEMPATH\CodeIgniter.php(340): CodeIgniter\CodeIgniter->handleRequest(null, Object(Config\Cache), false)
 5 FCPATH\index.php(67): CodeIgniter\CodeIgniter->run()
CRITICAL - 2022-09-12 21:49:25 --> Undefined array key "barang_dipinjam"
in APPPATH\Controllers\Peminjaman.php on line 73.
 1 APPPATH\Controllers\Peminjaman.php(73): CodeIgniter\Debug\Exceptions->errorHandler(2, 'Undefined array key "barang_dipinjam"', 'APPPATH\\Controllers\\Peminjaman.php', 73)
 2 SYSTEMPATH\CodeIgniter.php(904): App\Controllers\Peminjaman->update('1')
 3 SYSTEMPATH\CodeIgniter.php(457): CodeIgniter\CodeIgniter->runController(Object(App\Controllers\Peminjaman))
 4 SYSTEMPATH\CodeIgniter.php(340): CodeIgniter\CodeIgniter->handleRequest(null, Object(Config\Cache), false)
 5 FCPATH\index.php(67): CodeIgniter\CodeIgniter->run()
CRITICAL - 2022-09-12 21:50:20 --> Undefined array key "nm_barang"
in APPPATH\Controllers\barang.php on line 92.
 1 APPPATH\Controllers\barang.php(92): CodeIgniter\Debug\Exceptions->errorHandler(2, 'Undefined array key "nm_barang"', 'APPPATH\\Controllers\\barang.php', 92)
 2 SYSTEMPATH\CodeIgniter.php(904): App\Controllers\barang->update('4')
 3 SYSTEMPATH\CodeIgniter.php(457): CodeIgniter\CodeIgniter->runController(Object(App\Controllers\barang))
 4 SYSTEMPATH\CodeIgniter.php(340): CodeIgniter\CodeIgniter->handleRequest(null, Object(Config\Cache), false)
 5 FCPATH\index.php(67): CodeIgniter\CodeIgniter->run()
CRITICAL - 2022-09-12 21:50:45 --> Undefined array key "nm_barang"
in APPPATH\Controllers\barang.php on line 92.
 1 APPPATH\Controllers\barang.php(92): CodeIgniter\Debug\Exceptions->errorHandler(2, 'Undefined array key "nm_barang"', 'APPPATH\\Controllers\\barang.php', 92)
 2 SYSTEMPATH\CodeIgniter.php(904): App\Controllers\barang->update('4')
 3 SYSTEMPATH\CodeIgniter.php(457): CodeIgniter\CodeIgniter->runController(Object(App\Controllers\barang))
 4 SYSTEMPATH\CodeIgniter.php(340): CodeIgniter\CodeIgniter->handleRequest(null, Object(Config\Cache), false)
 5 FCPATH\index.php(67): CodeIgniter\CodeIgniter->run()
CRITICAL - 2022-09-12 21:50:50 --> Undefined array key "nm_barang"
in APPPATH\Controllers\barang.php on line 92.
 1 APPPATH\Controllers\barang.php(92): CodeIgniter\Debug\Exceptions->errorHandler(2, 'Undefined array key "nm_barang"', 'APPPATH\\Controllers\\barang.php', 92)
 2 SYSTEMPATH\CodeIgniter.php(904): App\Controllers\barang->update('4')
 3 SYSTEMPATH\CodeIgniter.php(457): CodeIgniter\CodeIgniter->runController(Object(App\Controllers\barang))
 4 SYSTEMPATH\CodeIgniter.php(340): CodeIgniter\CodeIgniter->handleRequest(null, Object(Config\Cache), false)
 5 FCPATH\index.php(67): CodeIgniter\CodeIgniter->run()
CRITICAL - 2022-09-12 21:50:54 --> Undefined array key "nm_barang"
in APPPATH\Controllers\barang.php on line 92.
 1 APPPATH\Controllers\barang.php(92): CodeIgniter\Debug\Exceptions->errorHandler(2, 'Undefined array key "nm_barang"', 'APPPATH\\Controllers\\barang.php', 92)
 2 SYSTEMPATH\CodeIgniter.php(904): App\Controllers\barang->update('4')
 3 SYSTEMPATH\CodeIgniter.php(457): CodeIgniter\CodeIgniter->runController(Object(App\Controllers\barang))
 4 SYSTEMPATH\CodeIgniter.php(340): CodeIgniter\CodeIgniter->handleRequest(null, Object(Config\Cache), false)
 5 FCPATH\index.php(67): CodeIgniter\CodeIgniter->run()
CRITICAL - 2022-09-12 22:02:10 --> Undefined array key "barang_dipinjam"
in APPPATH\Controllers\Peminjaman.php on line 73.
 1 APPPATH\Controllers\Peminjaman.php(73): CodeIgniter\Debug\Exceptions->errorHandler(2, 'Undefined array key "barang_dipinjam"', 'APPPATH\\Controllers\\Peminjaman.php', 73)
 2 SYSTEMPATH\CodeIgniter.php(904): App\Controllers\Peminjaman->update('1')
 3 SYSTEMPATH\CodeIgniter.php(457): CodeIgniter\CodeIgniter->runController(Object(App\Controllers\Peminjaman))
 4 SYSTEMPATH\CodeIgniter.php(340): CodeIgniter\CodeIgniter->handleRequest(null, Object(Config\Cache), false)
 5 FCPATH\index.php(67): CodeIgniter\CodeIgniter->run()
CRITICAL - 2022-09-12 22:30:29 --> Undefined array key "barang_dipinjam"
in APPPATH\Controllers\Peminjaman.php on line 73.
 1 APPPATH\Controllers\Peminjaman.php(73): CodeIgniter\Debug\Exceptions->errorHandler(2, 'Undefined array key "barang_dipinjam"', 'APPPATH\\Controllers\\Peminjaman.php', 73)
 2 SYSTEMPATH\CodeIgniter.php(904): App\Controllers\Peminjaman->update('1')
 3 SYSTEMPATH\CodeIgniter.php(457): CodeIgniter\CodeIgniter->runController(Object(App\Controllers\Peminjaman))
 4 SYSTEMPATH\CodeIgniter.php(340): CodeIgniter\CodeIgniter->handleRequest(null, Object(Config\Cache), false)
 5 FCPATH\index.php(67): CodeIgniter\CodeIgniter->run()
CRITICAL - 2022-09-12 22:43:55 --> Undefined array key "barang_dipinjam"
in APPPATH\Controllers\Peminjaman.php on line 73.
 1 APPPATH\Controllers\Peminjaman.php(73): CodeIgniter\Debug\Exceptions->errorHandler(2, 'Undefined array key "barang_dipinjam"', 'APPPATH\\Controllers\\Peminjaman.php', 73)
 2 SYSTEMPATH\CodeIgniter.php(904): App\Controllers\Peminjaman->update('1')
 3 SYSTEMPATH\CodeIgniter.php(457): CodeIgniter\CodeIgniter->runController(Object(App\Controllers\Peminjaman))
 4 SYSTEMPATH\CodeIgniter.php(340): CodeIgniter\CodeIgniter->handleRequest(null, Object(Config\Cache), false)
 5 FCPATH\index.php(67): CodeIgniter\CodeIgniter->run()
