CRITICAL - 2022-09-14 20:55:41 --> Undefined array key "barang_dipinjam"
in APPPATH\Controllers\Peminjaman.php on line 73.
 1 APPPATH\Controllers\Peminjaman.php(73): CodeIgniter\Debug\Exceptions->errorHandler(2, 'Undefined array key "barang_dipinjam"', 'APPPATH\\Controllers\\Peminjaman.php', 73)
 2 SYSTEMPATH\CodeIgniter.php(904): App\Controllers\Peminjaman->update('3')
 3 SYSTEMPATH\CodeIgniter.php(457): CodeIgniter\CodeIgniter->runController(Object(App\Controllers\Peminjaman))
 4 SYSTEMPATH\CodeIgniter.php(340): CodeIgniter\CodeIgniter->handleRequest(null, Object(Config\Cache), false)
 5 FCPATH\index.php(67): CodeIgniter\CodeIgniter->run()
CRITICAL - 2022-09-14 21:50:12 --> Undefined array key "nm_kategori"
in APPPATH\Controllers\Kategori.php on line 67.
 1 APPPATH\Controllers\Kategori.php(67): CodeIgniter\Debug\Exceptions->errorHandler(2, 'Undefined array key "nm_kategori"', 'APPPATH\\Controllers\\Kategori.php', 67)
 2 SYSTEMPATH\CodeIgniter.php(904): App\Controllers\Kategori->update('2')
 3 SYSTEMPATH\CodeIgniter.php(457): CodeIgniter\CodeIgniter->runController(Object(App\Controllers\Kategori))
 4 SYSTEMPATH\CodeIgniter.php(340): CodeIgniter\CodeIgniter->handleRequest(null, Object(Config\Cache), false)
 5 FCPATH\index.php(67): CodeIgniter\CodeIgniter->run()
CRITICAL - 2022-09-14 21:50:31 --> Undefined array key "nm_kategori"
in APPPATH\Controllers\Kategori.php on line 67.
 1 APPPATH\Controllers\Kategori.php(67): CodeIgniter\Debug\Exceptions->errorHandler(2, 'Undefined array key "nm_kategori"', 'APPPATH\\Controllers\\Kategori.php', 67)
 2 SYSTEMPATH\CodeIgniter.php(904): App\Controllers\Kategori->update('2')
 3 SYSTEMPATH\CodeIgniter.php(457): CodeIgniter\CodeIgniter->runController(Object(App\Controllers\Kategori))
 4 SYSTEMPATH\CodeIgniter.php(340): CodeIgniter\CodeIgniter->handleRequest(null, Object(Config\Cache), false)
 5 FCPATH\index.php(67): CodeIgniter\CodeIgniter->run()
ERROR - 2022-09-14 23:00:13 --> mysqli_sql_exception: Column 'spesifikasi' cannot be null in C:\xampp\htdocs\restful\system\Database\MySQLi\Connection.php:292
Stack trace:
#0 C:\xampp\htdocs\restful\system\Database\MySQLi\Connection.php(292): mysqli->query('INSERT INTO `ba...', 0)
#1 C:\xampp\htdocs\restful\system\Database\BaseConnection.php(693): CodeIgniter\Database\MySQLi\Connection->execute('INSERT INTO `ba...')
#2 C:\xampp\htdocs\restful\system\Database\BaseConnection.php(620): CodeIgniter\Database\BaseConnection->simpleQuery('INSERT INTO `ba...')
#3 C:\xampp\htdocs\restful\system\Database\BaseBuilder.php(1916): CodeIgniter\Database\BaseConnection->query('INSERT INTO `ba...', Array, false)
#4 C:\xampp\htdocs\restful\system\Model.php(279): CodeIgniter\Database\BaseBuilder->insert()
#5 C:\xampp\htdocs\restful\system\BaseModel.php(738): CodeIgniter\Model->doInsert(Array)
#6 C:\xampp\htdocs\restful\system\Model.php(667): CodeIgniter\BaseModel->insert(Array, true)
#7 C:\xampp\htdocs\restful\app\Controllers\barang.php(48): CodeIgniter\Model->insert(Array)
#8 C:\xampp\htdocs\restful\system\CodeIgniter.php(904): App\Controllers\barang->create()
#9 C:\xampp\htdocs\restful\system\CodeIgniter.php(457): CodeIgniter\CodeIgniter->runController(Object(App\Controllers\barang))
#10 C:\xampp\htdocs\restful\system\CodeIgniter.php(340): CodeIgniter\CodeIgniter->handleRequest(NULL, Object(Config\Cache), false)
#11 C:\xampp\htdocs\restful\public\index.php(67): CodeIgniter\CodeIgniter->run()
#12 {main}
CRITICAL - 2022-09-14 23:00:13 --> Column 'spesifikasi' cannot be null
in SYSTEMPATH\Database\MySQLi\Connection.php on line 292.
 1 SYSTEMPATH\Database\MySQLi\Connection.php(292): mysqli->query('INSERT INTO `barang` (`nm_barang`, `spesifikasi`, `kategori`, `satuan`) VALUES (\'monitor\', NULL, \'elektronik\', \'pcs\')', 0)
 2 SYSTEMPATH\Database\BaseConnection.php(693): CodeIgniter\Database\MySQLi\Connection->execute('INSERT INTO `barang` (`nm_barang`, `spesifikasi`, `kategori`, `satuan`) VALUES (\'monitor\', NULL, \'elektronik\', \'pcs\')')
 3 SYSTEMPATH\Database\BaseConnection.php(620): CodeIgniter\Database\BaseConnection->simpleQuery('INSERT INTO `barang` (`nm_barang`, `spesifikasi`, `kategori`, `satuan`) VALUES (\'monitor\', NULL, \'elektronik\', \'pcs\')')
 4 SYSTEMPATH\Database\BaseBuilder.php(1916): CodeIgniter\Database\BaseConnection->query('INSERT INTO `barang` (`nm_barang`, `spesifikasi`, `kategori`, `satuan`) VALUES (:nm_barang:, :spesifikasi:, :kategori:, :satuan:)', [...], false)
 5 SYSTEMPATH\Model.php(279): CodeIgniter\Database\BaseBuilder->insert()
 6 SYSTEMPATH\BaseModel.php(738): CodeIgniter\Model->doInsert([...])
 7 SYSTEMPATH\Model.php(667): CodeIgniter\BaseModel->insert([...], true)
 8 APPPATH\Controllers\barang.php(48): CodeIgniter\Model->insert([...])
 9 SYSTEMPATH\CodeIgniter.php(904): App\Controllers\barang->create()
10 SYSTEMPATH\CodeIgniter.php(457): CodeIgniter\CodeIgniter->runController(Object(App\Controllers\barang))
11 SYSTEMPATH\CodeIgniter.php(340): CodeIgniter\CodeIgniter->handleRequest(null, Object(Config\Cache), false)
12 FCPATH\index.php(67): CodeIgniter\CodeIgniter->run()
CRITICAL - 2022-09-14 23:34:32 --> Invalid file: getdata.php
in SYSTEMPATH\Exceptions\FrameworkException.php on line 33.
 1 SYSTEMPATH\View\View.php(201): CodeIgniter\Exceptions\FrameworkException::forInvalidFile('getdata.php')
 2 SYSTEMPATH\Common.php(1142): CodeIgniter\View\View->render('getdata', [], true)
 3 APPPATH\Controllers\barang.php(23): view('getdata', [...])
 4 SYSTEMPATH\CodeIgniter.php(904): App\Controllers\barang->index()
 5 SYSTEMPATH\CodeIgniter.php(457): CodeIgniter\CodeIgniter->runController(Object(App\Controllers\barang))
 6 SYSTEMPATH\CodeIgniter.php(340): CodeIgniter\CodeIgniter->handleRequest(null, Object(Config\Cache), false)
 7 FCPATH\index.php(67): CodeIgniter\CodeIgniter->run()
